Start testing: May 21 22:46 MSK
----------------------------------------------------------
Unable to find executable: /home/vboxuser/laba06/_build/check
1/1 Testing: check
1/1 Test: check
Command: ""
Directory: /home/vboxuser/laba06/_build
"check" start time: 
Output:
----------------------------------------------------------
<end of output>
Test time =   0.00 sec
----------------------------------------------------------
Test Passed.
"check" end time: May 21 22:46 MSK
"check" time elapsed: 00:00:00
----------------------------------------------------------

End testing: May 21 22:46 MSK
